mode: set
cc_eduardherrera_BackendAPI/services/token/token.go:17.30,20.2 2 1
cc_eduardherrera_BackendAPI/services/token/token.go:22.52,27.16 3 1
cc_eduardherrera_BackendAPI/services/token/token.go:31.2,31.25 1 1
cc_eduardherrera_BackendAPI/services/token/token.go:27.16,29.3 1 0
cc_eduardherrera_BackendAPI/services/token/token.go:34.59,35.85 1 1
cc_eduardherrera_BackendAPI/services/token/token.go:42.2,42.16 1 1
cc_eduardherrera_BackendAPI/services/token/token.go:46.2,46.19 1 1
cc_eduardherrera_BackendAPI/services/token/token.go:35.85,36.58 1 1
cc_eduardherrera_BackendAPI/services/token/token.go:39.3,39.26 1 1
cc_eduardherrera_BackendAPI/services/token/token.go:36.58,38.4 1 0
cc_eduardherrera_BackendAPI/services/token/token.go:42.16,44.3 1 0
cc_eduardherrera_BackendAPI/services/token/token.go:49.62,52.16 3 1
cc_eduardherrera_BackendAPI/services/token/token.go:56.2,56.79 1 1
cc_eduardherrera_BackendAPI/services/token/token.go:60.2,60.30 1 1
cc_eduardherrera_BackendAPI/services/token/token.go:52.16,54.3 1 0
cc_eduardherrera_BackendAPI/services/token/token.go:56.79,58.3 1 1
cc_eduardherrera_BackendAPI/services/token/token.go:63.49,66.16 3 1
cc_eduardherrera_BackendAPI/services/token/token.go:70.2,70.79 1 1
cc_eduardherrera_BackendAPI/services/token/token.go:74.2,75.16 2 1
cc_eduardherrera_BackendAPI/services/token/token.go:79.2,79.25 1 1
cc_eduardherrera_BackendAPI/services/token/token.go:66.16,68.3 1 0
cc_eduardherrera_BackendAPI/services/token/token.go:70.79,72.3 1 1
cc_eduardherrera_BackendAPI/services/token/token.go:75.16,77.3 1 0
cc_eduardherrera_BackendAPI/services/users/users.go:10.49,12.16 2 1
cc_eduardherrera_BackendAPI/services/users/users.go:15.2,15.19 1 1
cc_eduardherrera_BackendAPI/services/users/users.go:12.16,14.3 1 0
cc_eduardherrera_BackendAPI/services/users/users.go:18.67,20.16 2 1
cc_eduardherrera_BackendAPI/services/users/users.go:23.2,23.25 1 1
cc_eduardherrera_BackendAPI/services/users/users.go:20.16,22.3 1 0
cc_eduardherrera_BackendAPI/domain/dbsetup.go:10.31,16.2 2 1
cc_eduardherrera_BackendAPI/domain/dbsetup.go:18.36,23.31 2 1
cc_eduardherrera_BackendAPI/domain/dbsetup.go:31.2,31.12 1 1
cc_eduardherrera_BackendAPI/domain/dbsetup.go:23.31,27.17 2 1
cc_eduardherrera_BackendAPI/domain/dbsetup.go:27.17,29.4 1 0
cc_eduardherrera_BackendAPI/domain/user.go:9.65,12.16 3 1
cc_eduardherrera_BackendAPI/domain/user.go:15.2,15.19 1 1
cc_eduardherrera_BackendAPI/domain/user.go:12.16,14.3 1 1
cc_eduardherrera_BackendAPI/domain/user.go:18.49,21.16 3 1
cc_eduardherrera_BackendAPI/domain/user.go:24.2,24.19 1 1
cc_eduardherrera_BackendAPI/domain/user.go:21.16,23.3 1 0
cc_eduardherrera_BackendAPI/domain/user.go:27.63,29.16 2 1
cc_eduardherrera_BackendAPI/domain/user.go:32.2,32.18 1 1
cc_eduardherrera_BackendAPI/domain/user.go:29.16,31.3 1 0
cc_eduardherrera_BackendAPI/domain/user.go:35.63,45.16 3 1
cc_eduardherrera_BackendAPI/domain/user.go:49.2,49.32 1 1
cc_eduardherrera_BackendAPI/domain/user.go:53.2,54.16 2 1
cc_eduardherrera_BackendAPI/domain/user.go:58.2,58.25 1 1
cc_eduardherrera_BackendAPI/domain/user.go:45.16,47.3 1 0
cc_eduardherrera_BackendAPI/domain/user.go:49.32,51.3 1 0
cc_eduardherrera_BackendAPI/domain/user.go:54.16,56.3 1 0
cc_eduardherrera_BackendAPI/services/signup/signup.go:12.58,14.16 2 1
cc_eduardherrera_BackendAPI/services/signup/signup.go:18.2,19.16 2 1
cc_eduardherrera_BackendAPI/services/signup/signup.go:23.2,23.19 1 1
cc_eduardherrera_BackendAPI/services/signup/signup.go:14.16,16.3 1 0
cc_eduardherrera_BackendAPI/services/signup/signup.go:19.16,21.3 1 0
cc_eduardherrera_BackendAPI/services/signup/signup.go:26.57,28.16 2 1
cc_eduardherrera_BackendAPI/services/signup/signup.go:32.2,32.116 1 1
cc_eduardherrera_BackendAPI/services/signup/signup.go:36.2,37.16 2 1
cc_eduardherrera_BackendAPI/services/signup/signup.go:41.2,41.19 1 1
cc_eduardherrera_BackendAPI/services/signup/signup.go:28.16,30.3 1 0
cc_eduardherrera_BackendAPI/services/signup/signup.go:32.116,34.3 1 0
cc_eduardherrera_BackendAPI/services/signup/signup.go:37.16,39.3 1 0
